[2026-02-23T02:07:19.507Z] [LOG] --- Sistema de Log em Arquivo Inicializado. Saída será gravada em logs/app.log ---
[2026-02-23T02:07:19.514Z] [LOG] 
🚀 Iniciando a verificação e migração do banco de dados no ambiente: LOCAL...

[2026-02-23T02:07:19.601Z] [LOG] [35m[2026-02-23T02:07:19.601Z] [FATAL] [APP_STARTUP_FAILURE][0m - {"error":{"message":"SSL/TLS required","stack":"error: SSL/TLS required\n    at /home/user/Flux332/node_modules/pg-pool/index.js:45:11\n    at process.processTicksAndRejections (node:internal/process/task_queues:95:5)\n    at async run (file:///home/user/Flux332/scripts/executar-migracoes.js:31:20)\n    at async startApp (file:///home/user/Flux332/server.js:188:9)"},"reason":"Falha crítica durante a inicialização da aplicação."}
[2026-02-23T02:07:51.668Z] [LOG] --- Sistema de Log em Arquivo Inicializado. Saída será gravada em logs/app.log ---
[2026-02-23T02:07:51.673Z] [LOG] 
🚀 Iniciando a verificação e migração do banco de dados no ambiente: LOCAL...

[2026-02-23T02:07:52.410Z] [LOG] 🔍 Migrações encontradas. Preparando para aplicar 17 atualizações...
[2026-02-23T02:07:52.438Z] [LOG] 🛡️  Iniciando transação segura...
[2026-02-23T02:07:52.439Z] [LOG]   -> Aplicando: 001_create_auth_tables.sql...
[2026-02-23T02:07:52.468Z] [LOG]      ✔️ Sucesso.
[2026-02-23T02:07:52.468Z] [LOG]   -> Aplicando: 002_add_profile_fields_to_users.sql...
[2026-02-23T02:07:52.671Z] [LOG]      ✔️ Sucesso.
[2026-02-23T02:07:52.671Z] [LOG]   -> Aplicando: 003_create_posts_table.sql...
[2026-02-23T02:07:52.703Z] [LOG]      ✔️ Sucesso.
[2026-02-23T02:07:52.704Z] [LOG]   -> Aplicando: 005_create_post_interactions_table.sql...
[2026-02-23T02:07:52.732Z] [LOG]      ✔️ Sucesso.
[2026-02-23T02:07:52.732Z] [LOG]   -> Aplicando: 006_create_groups_table.sql...
[2026-02-23T02:07:52.761Z] [LOG]      ✔️ Sucesso.
[2026-02-23T02:07:52.761Z] [LOG]   -> Aplicando: 007_create_group_members_table.sql...
[2026-02-23T02:07:52.789Z] [LOG]      ✔️ Sucesso.
[2026-02-23T02:07:52.789Z] [LOG]   -> Aplicando: 008_create_conversations_table.sql...
[2026-02-23T02:07:52.818Z] [LOG]      ✔️ Sucesso.
[2026-02-23T02:07:52.818Z] [LOG]   -> Aplicando: 009_create_conversation_members_table.sql...
[2026-02-23T02:07:52.846Z] [LOG]      ✔️ Sucesso.
[2026-02-23T02:07:52.846Z] [LOG]   -> Aplicando: 010_create_messages_table.sql...
[2026-02-23T02:07:52.875Z] [LOG]      ✔️ Sucesso.
[2026-02-23T02:07:52.876Z] [LOG]   -> Aplicando: 011_create_ad_campaigns_table.sql...
[2026-02-23T02:07:52.904Z] [LOG]      ✔️ Sucesso.
[2026-02-23T02:07:52.904Z] [LOG]   -> Aplicando: 012_create_ad_events_table.sql...
[2026-02-23T02:07:52.932Z] [LOG]      ✔️ Sucesso.
[2026-02-23T02:07:52.932Z] [LOG]   -> Aplicando: 013_create_marketplace_items_table.sql...
[2026-02-23T02:07:52.960Z] [LOG]      ✔️ Sucesso.
[2026-02-23T02:07:52.960Z] [LOG]   -> Aplicando: 014_create_reports_table.sql...
[2026-02-23T02:07:52.988Z] [LOG]      ✔️ Sucesso.
[2026-02-23T02:07:52.989Z] [LOG]   -> Aplicando: 015_create_user_relationships_table.sql...
[2026-02-23T02:07:53.016Z] [LOG]      ✔️ Sucesso.
[2026-02-23T02:07:53.017Z] [LOG]   -> Aplicando: 016_create_transactions_table.sql...
[2026-02-23T02:07:53.045Z] [LOG]      ✔️ Sucesso.
[2026-02-23T02:07:53.045Z] [LOG]   -> Aplicando: 017_create_events_table.sql...
[2026-02-23T02:07:53.074Z] [LOG]      ✔️ Sucesso.
[2026-02-23T02:07:53.074Z] [LOG]   -> Aplicando: 018_create_comments_table.sql...
[2026-02-23T02:07:53.102Z] [LOG]      ✔️ Sucesso.
[2026-02-23T02:07:53.128Z] [LOG] 🎉 SUCESSO! O banco de dados foi atualizado e todas as tabelas estão prontas.
[2026-02-23T02:07:53.129Z] [LOG] 🔌 Conexão com o banco de dados liberada.
[2026-02-23T02:07:53.129Z] [LOG] [36m[2026-02-23T02:07:53.129Z] [LOG] [MIGRATION_SUCCESS][0m - {"message":"Migrações do banco de dados aplicadas com sucesso."}
[2026-02-23T02:07:53.158Z] [LOG] [36m[2026-02-23T02:07:53.158Z] [LOG] [DB_CONNECTION_SUCCESS][0m - {"message":"Conexão com o banco de dados estabelecida com sucesso."}
[2026-02-23T02:07:53.159Z] [LOG] [36m[2026-02-23T02:07:53.158Z] [LOG] [DB_INIT][0m - {"message":"Database system initialized successfully."}
[2026-02-23T02:07:53.160Z] [LOG] [36m[2026-02-23T02:07:53.160Z] [LOG] [SERVER_START][0m - {"port":3000}
[2026-02-23T02:07:57.553Z] [LOG] [36m[2026-02-23T02:07:57.553Z] [LOG] [INBOUND_REQUEST][traceId=697229ab-cb9c-4662-8fb0-c7a01a13b4b9][0m - {"method":"GET","path":"/","ip":"127.0.0.1"}
[2026-02-23T02:07:57.564Z] [LOG] [36m[2026-02-23T02:07:57.564Z] [LOG] [OUTBOUND_RESPONSE][traceId=697229ab-cb9c-4662-8fb0-c7a01a13b4b9][0m - {"method":"GET","path":"/","statusCode":200,"duration_ms":12}
[2026-02-23T02:07:58.156Z] [LOG] [36m[2026-02-23T02:07:58.156Z] [LOG] [INBOUND_REQUEST][traceId=094b20ca-0ecc-4d06-a2e8-db2cd03c1497][0m - {"method":"GET","path":"/assets/index-4ur-Nx40.js","ip":"127.0.0.1"}
[2026-02-23T02:07:58.160Z] [LOG] [36m[2026-02-23T02:07:58.160Z] [LOG] [DB_COUNT_START][0m - {"message":"Iniciando contagem de bancos de dados..."}
[2026-02-23T02:07:58.160Z] [LOG] [36m[2026-02-23T02:07:58.160Z] [LOG] [DB_AUDIT_START][0m - {"message":"Iniciando auditoria de bancos de dados PostgreSQL."}
[2026-02-23T02:07:58.160Z] [LOG] 🛡️ [Integrity] Iniciando auditoria de contagem de membros...
[2026-02-23T02:07:58.172Z] [LOG] [36m[2026-02-23T02:07:58.172Z] [LOG] [OUTBOUND_RESPONSE][traceId=094b20ca-0ecc-4d06-a2e8-db2cd03c1497][0m - {"method":"GET","path":"/assets/index-4ur-Nx40.js","statusCode":200,"duration_ms":17}
[2026-02-23T02:07:58.188Z] [LOG] [32m[2026-02-23T02:07:58.188Z] [INFO] [DB_COUNT_SUCCESS][0m - {"count":1,"message":"📊 Quantidade de bancos de dados identificados = 1"}
[2026-02-23T02:07:58.188Z] [LOG] [36m[2026-02-23T02:07:58.188Z] [LOG] [DB_COUNT_END][0m - {"message":"Contagem de bancos finalizada."}
[2026-02-23T02:07:58.504Z] [LOG] [36m[2026-02-23T02:07:58.504Z] [LOG] [DB_AUDIT_DISCOVERY][0m - {"count":1,"message":"Encontrados 1 bancos de dados para análise."}
[2026-02-23T02:07:58.541Z] [LOG] [36m[2026-02-23T02:07:58.541Z] [LOG] [INBOUND_REQUEST][traceId=afa8b116-5902-4539-867c-3fe446febefd][0m - {"method":"GET","path":"/assets/index-DwPPhJo8.css","ip":"127.0.0.1"}
[2026-02-23T02:07:58.545Z] [LOG] [36m[2026-02-23T02:07:58.545Z] [LOG] [OUTBOUND_RESPONSE][traceId=afa8b116-5902-4539-867c-3fe446febefd][0m - {"method":"GET","path":"/assets/index-DwPPhJo8.css","statusCode":200,"duration_ms":4}
[2026-02-23T02:07:58.563Z] [WARN] ⚠️ [Integrity] Abortando: Coluna 'status' ainda não migrada.
[2026-02-23T02:07:58.864Z] [WARN] ⚠️ Falha na limpeza de expirações.
[2026-02-23T02:07:58.893Z] [LOG] [36m[2026-02-23T02:07:58.893Z] [LOG] [DB_AUDIT_STATUS][0m - {"database":"flux_dboi","status":"📚 PostgreSQL — dados existentes."}
[2026-02-23T02:07:58.893Z] [LOG] [36m[2026-02-23T02:07:58.893Z] [LOG] [DB_AUDIT_COMPLETE][0m - {"message":"Auditoria de bancos de dados concluída."}
